SF:lib/home/entities/number_trivia.dart
DA:7,12
DA:9,5
DA:10,15
LF:3
LH:3
end_of_record
SF:lib/home/model/number_trivia_model.dart
DA:5,11
DA:7,5
DA:8,15
DA:11,4
DA:12,4
DA:13,4
DA:14,4
LF:7
LH:7
end_of_record
SF:lib/failure.dart
DA:4,1
DA:5,1
LF:2
LH:2
end_of_record
SF:lib/home/data/remote_data_source_repo.dart
DA:16,1
DA:18,1
DA:20,2
DA:21,2
DA:22,1
DA:27,2
DA:28,3
DA:30,1
DA:34,1
DA:36,2
DA:37,1
DA:38,1
DA:43,2
DA:44,3
DA:46,1
LF:15
LH:15
end_of_record
SF:lib/home/repository/home_repo.dart
DA:23,1
DA:25,1
DA:27,2
DA:28,2
DA:32,1
DA:35,2
DA:36,2
DA:40,1
DA:45,2
DA:47,1
DA:48,2
DA:49,1
DA:50,1
DA:51,2
DA:52,2
DA:56,2
DA:57,1
DA:58,1
DA:59,2
DA:60,2
LF:20
LH:20
end_of_record
SF:lib/util/network_info.dart
DA:10,1
DA:12,1
DA:14,2
DA:15,1
LF:4
LH:4
end_of_record
SF:lib/home/view/home_view.dart
DA:8,12
DA:12,0
DA:13,0
DA:21,0
DA:23,0
DA:24,0
DA:27,0
DA:29,0
DA:30,0
DA:31,0
DA:33,0
DA:34,0
DA:36,0
DA:37,0
DA:38,0
DA:43,0
DA:45,0
DA:46,0
DA:48,0
DA:51,0
DA:53,0
DA:58,0
DA:60,0
DA:66,0
DA:67,0
DA:69,0
DA:70,0
DA:75,0
DA:76,0
DA:77,0
DA:78,0
DA:79,0
DA:84,0
DA:85,0
DA:86,0
DA:98,0
DA:99,0
DA:101,0
DA:104,0
DA:107,0
DA:108,0
LF:41
LH:1
end_of_record
SF:lib/home/view_model/home_view_model.dart
DA:10,1
DA:17,1
DA:18,2
DA:19,1
DA:20,2
DA:21,2
DA:22,3
DA:23,1
DA:24,1
DA:25,3
DA:26,1
DA:30,1
DA:31,2
DA:32,1
DA:34,2
DA:35,2
DA:36,3
DA:37,1
DA:38,1
DA:39,3
DA:40,1
DA:44,1
DA:45,1
DA:46,1
DA:48,1
LF:25
LH:25
end_of_record
SF:lib/home/view_model/loading_state.dart
DA:6,0
DA:7,0
DA:11,0
DA:12,0
DA:17,1
DA:19,1
DA:20,2
DA:25,1
DA:27,1
DA:28,2
LF:10
LH:6
end_of_record
SF:lib/permissions/view_model/permissions_view_model.dart
DA:10,1
DA:12,1
DA:14,2
DA:17,1
DA:19,2
DA:22,1
DA:23,1
DA:25,1
LF:8
LH:8
end_of_record
SF:lib/util/permission_util.dart
DA:10,0
DA:13,0
DA:14,0
DA:15,0
DA:16,0
DA:17,0
DA:18,0
DA:27,0
DA:29,0
DA:32,0
DA:34,0
DA:35,0
DA:36,0
DA:37,0
DA:38,0
LF:15
LH:0
end_of_record
SF:lib/fixture_reader.dart
DA:3,16
LF:1
LH:1
end_of_record
SF:lib/home/data/local_data_source_repo_secured_storage.dart
DA:13,1
DA:15,1
DA:17,1
DA:18,2
DA:20,2
DA:24,1
DA:26,1
DA:27,2
DA:29,3
DA:31,1
LF:10
LH:10
end_of_record
SF:lib/util/secured_storage_util.dart
DA:7,1
DA:9,1
DA:10,1
DA:14,1
DA:18,1
DA:19,2
DA:20,1
DA:23,1
DA:24,2
DA:25,1
LF:10
LH:10
end_of_record
SF:lib/home/data/local_data_source_repo_shared_preferences.dart
DA:11,1
DA:13,1
DA:15,1
DA:16,2
DA:18,3
DA:20,1
DA:24,1
DA:26,1
DA:27,2
DA:29,2
LF:10
LH:10
end_of_record
SF:lib/util/shared_preference_util.dart
DA:6,1
DA:8,1
DA:9,1
DA:11,1
DA:12,1
DA:13,1
DA:16,1
DA:17,1
DA:18,1
LF:9
LH:9
end_of_record
SF:lib/util/hive_util.dart
DA:13,1
DA:15,1
DA:16,1
DA:19,1
DA:21,1
DA:22,1
DA:25,1
DA:26,2
LF:8
LH:8
end_of_record
SF:lib/home/data/local_data_source_repo_hive.dart
DA:14,1
DA:16,1
DA:18,1
DA:19,4
DA:22,1
DA:24,1
DA:25,2
DA:27,3
DA:29,1
LF:9
LH:9
end_of_record
